{"timestamp":"2021-09-07T18:21:24.944Z","level":"info","message":"Duplicate entry removed from file","duplicateProperty":"_id","item":{"_id":"jkj238238jdsnfsj23","email":"coo@bar.com","firstName":"Ted","lastName":"Jones","address":"456 Neat St","entryDate":"2014-05-07T17:32:20+00:00"}}
{"timestamp":"2021-09-07T18:21:24.945Z","level":"info","message":"Duplicate entry removed from file","duplicateProperty":"_id","item":{"_id":"jkj238238jdsnfsj23","email":"foo@bar.com","firstName":"John","lastName":"Smith","address":"123 Street St","entryDate":"2014-05-07T17:30:20+00:00"}}
{"timestamp":"2021-09-07T18:21:24.946Z","level":"info","message":"Duplicate entry removed from file","duplicateProperty":"email","item":{"_id":"sel045238jdsnfsj23","email":"foo@bar.com","firstName":"John","lastName":"Smith","address":"123 Street St","entryDate":"2014-05-07T17:32:20+00:00"}}
{"timestamp":"2021-09-07T18:21:24.946Z","level":"info","message":"Duplicate entry removed from file","duplicateProperty":"email","item":{"_id":"qest38238jdsnfsj23","email":"foo@bar.com","firstName":"John","lastName":"Smith","address":"123 Street St","entryDate":"2014-05-07T17:32:20+00:00"}}
{"timestamp":"2021-09-07T18:21:24.946Z","level":"info","message":"Duplicate entry removed from file","duplicateProperty":"email","item":{"_id":"edu45238jdsnfsj23","email":"mae@bar.com","firstName":"Ted","lastName":"Masters","address":"44 North Hampton St","entryDate":"2014-05-07T17:31:20+00:00"}}
{"timestamp":"2021-09-07T18:22:48.149Z","level":"info","message":"Duplicate entry removed from file","duplicateProperty":"_id","item":{"_id":"jkj238238jdsnfsj23","email":"coo@bar.com","firstName":"Ted","lastName":"Jones","address":"456 Neat St","entryDate":"2014-05-07T17:32:20+00:00"}}
{"timestamp":"2021-09-07T18:22:48.151Z","level":"info","message":"Duplicate entry removed from file","duplicateProperty":"_id","item":{"_id":"jkj238238jdsnfsj23","email":"foo@bar.com","firstName":"John","lastName":"Smith","address":"123 Street St","entryDate":"2014-05-07T17:30:20+00:00"}}
{"timestamp":"2021-09-07T18:22:48.151Z","level":"info","message":"Duplicate entry removed from file","duplicateProperty":"email","item":{"_id":"sel045238jdsnfsj23","email":"foo@bar.com","firstName":"John","lastName":"Smith","address":"123 Street St","entryDate":"2014-05-07T17:32:20+00:00"}}
{"timestamp":"2021-09-07T18:22:48.152Z","level":"info","message":"Duplicate entry removed from file","duplicateProperty":"email","item":{"_id":"qest38238jdsnfsj23","email":"foo@bar.com","firstName":"John","lastName":"Smith","address":"123 Street St","entryDate":"2014-05-07T17:32:20+00:00"}}
{"timestamp":"2021-09-07T18:22:48.152Z","level":"info","message":"Duplicate entry removed from file","duplicateProperty":"email","item":{"_id":"edu45238jdsnfsj23","email":"mae@bar.com","firstName":"Ted","lastName":"Masters","address":"44 North Hampton St","entryDate":"2014-05-07T17:31:20+00:00"}}
{"timestamp":"2021-09-07T18:27:08.123Z","level":"info","message":"Duplicate entry removed from file","duplicateProperty":"_id","item":{"_id":"jkj238238jdsnfsj23","email":"coo@bar.com","firstName":"Ted","lastName":"Jones","address":"456 Neat St","entryDate":"2014-05-07T17:32:20+00:00"}}
{"timestamp":"2021-09-07T18:27:08.125Z","level":"info","message":"Duplicate entry removed from file","duplicateProperty":"_id","item":{"_id":"jkj238238jdsnfsj23","email":"foo@bar.com","firstName":"John","lastName":"Smith","address":"123 Street St","entryDate":"2014-05-07T17:30:20+00:00"}}
{"timestamp":"2021-09-07T18:27:08.125Z","level":"info","message":"Duplicate entry removed from file","duplicateProperty":"email","item":{"_id":"sel045238jdsnfsj23","email":"foo@bar.com","firstName":"John","lastName":"Smith","address":"123 Street St","entryDate":"2014-05-07T17:32:20+00:00"}}
{"timestamp":"2021-09-07T18:27:08.126Z","level":"info","message":"Duplicate entry removed from file","duplicateProperty":"email","item":{"_id":"qest38238jdsnfsj23","email":"foo@bar.com","firstName":"John","lastName":"Smith","address":"123 Street St","entryDate":"2014-05-07T17:32:20+00:00"}}
{"timestamp":"2021-09-07T18:27:08.126Z","level":"info","message":"Duplicate entry removed from file","duplicateProperty":"email","item":{"_id":"edu45238jdsnfsj23","email":"mae@bar.com","firstName":"Ted","lastName":"Masters","address":"44 North Hampton St","entryDate":"2014-05-07T17:31:20+00:00"}}
{"timestamp":"2021-09-07T18:39:17.975Z","level":"info","message":"Duplicate entry removed from file","duplicateProperty":"_id","item":{"_id":"jkj238238jdsnfsj23","email":"coo@bar.com","firstName":"Ted","lastName":"Jones","address":"456 Neat St","entryDate":"2014-05-07T17:32:20+00:00"}}
{"timestamp":"2021-09-07T18:39:17.979Z","level":"info","message":"Duplicate entry removed from file","duplicateProperty":"_id","item":{"_id":"jkj238238jdsnfsj23","email":"foo@bar.com","firstName":"John","lastName":"Smith","address":"123 Street St","entryDate":"2014-05-07T17:30:20+00:00"}}
{"timestamp":"2021-09-07T18:39:17.979Z","level":"info","message":"Duplicate entry removed from file","duplicateProperty":"email","item":{"_id":"sel045238jdsnfsj23","email":"foo@bar.com","firstName":"John","lastName":"Smith","address":"123 Street St","entryDate":"2014-05-07T17:32:20+00:00"}}
{"timestamp":"2021-09-07T18:39:17.979Z","level":"info","message":"Duplicate entry removed from file","duplicateProperty":"email","item":{"_id":"qest38238jdsnfsj23","email":"foo@bar.com","firstName":"John","lastName":"Smith","address":"123 Street St","entryDate":"2014-05-07T17:32:20+00:00"}}
{"timestamp":"2021-09-07T18:39:17.980Z","level":"info","message":"Duplicate entry removed from file","duplicateProperty":"email","item":{"_id":"edu45238jdsnfsj23","email":"mae@bar.com","firstName":"Ted","lastName":"Masters","address":"44 North Hampton St","entryDate":"2014-05-07T17:31:20+00:00"}}
{"timestamp":"2021-09-07T18:51:34.201Z","level":"info","message":"Duplicate entry removed from file","duplicateProperty":"_id","item":{"_id":"jkj238238jdsnfsj23","email":"coo@bar.com","firstName":"Ted","lastName":"Jones","address":"456 Neat St","entryDate":"2014-05-07T17:32:20+00:00"}}
{"timestamp":"2021-09-07T18:51:34.204Z","level":"info","message":"Duplicate entry removed from file","duplicateProperty":"_id","item":{"_id":"jkj238238jdsnfsj23","email":"foo@bar.com","firstName":"John","lastName":"Smith","address":"123 Street St","entryDate":"2014-05-07T17:30:20+00:00"}}
{"timestamp":"2021-09-07T18:51:34.204Z","level":"info","message":"Duplicate entry removed from file","duplicateProperty":"email","item":{"_id":"sel045238jdsnfsj23","email":"foo@bar.com","firstName":"John","lastName":"Smith","address":"123 Street St","entryDate":"2014-05-07T17:32:20+00:00"}}
{"timestamp":"2021-09-07T18:51:34.204Z","level":"info","message":"Duplicate entry removed from file","duplicateProperty":"email","item":{"_id":"qest38238jdsnfsj23","email":"foo@bar.com","firstName":"John","lastName":"Smith","address":"123 Street St","entryDate":"2014-05-07T17:32:20+00:00"}}
{"timestamp":"2021-09-07T18:51:34.204Z","level":"info","message":"Duplicate entry removed from file","duplicateProperty":"email","item":{"_id":"edu45238jdsnfsj23","email":"mae@bar.com","firstName":"Ted","lastName":"Masters","address":"44 North Hampton St","entryDate":"2014-05-07T17:31:20+00:00"}}
{"timestamp":"2021-09-07T18:51:57.653Z","level":"info","message":"Duplicate entry removed from file","duplicateProperty":"_id","item":{"_id":"jkj238238jdsnfsj23","email":"coo@bar.com","firstName":"Ted","lastName":"Jones","address":"456 Neat St","entryDate":"2014-05-07T17:32:20+00:00"}}
{"timestamp":"2021-09-07T18:51:57.655Z","level":"info","message":"Duplicate entry removed from file","duplicateProperty":"_id","item":{"_id":"jkj238238jdsnfsj23","email":"foo@bar.com","firstName":"John","lastName":"Smith","address":"123 Street St","entryDate":"2014-05-07T17:30:20+00:00"}}
{"timestamp":"2021-09-07T18:51:57.655Z","level":"info","message":"Duplicate entry removed from file","duplicateProperty":"email","item":{"_id":"sel045238jdsnfsj23","email":"foo@bar.com","firstName":"John","lastName":"Smith","address":"123 Street St","entryDate":"2014-05-07T17:32:20+00:00"}}
{"timestamp":"2021-09-07T18:51:57.655Z","level":"info","message":"Duplicate entry removed from file","duplicateProperty":"email","item":{"_id":"qest38238jdsnfsj23","email":"foo@bar.com","firstName":"John","lastName":"Smith","address":"123 Street St","entryDate":"2014-05-07T17:32:20+00:00"}}
{"timestamp":"2021-09-07T18:51:57.655Z","level":"info","message":"Duplicate entry removed from file","duplicateProperty":"email","item":{"_id":"edu45238jdsnfsj23","email":"mae@bar.com","firstName":"Ted","lastName":"Masters","address":"44 North Hampton St","entryDate":"2014-05-07T17:31:20+00:00"}}
{"timestamp":"2021-09-07T18:54:03.033Z","level":"info","message":"Duplicate entry removed from file","duplicateProperty":"_id","item":{"_id":"jkj238238jdsnfsj23","email":"coo@bar.com","firstName":"Ted","lastName":"Jones","address":"456 Neat St","entryDate":"2014-05-07T17:32:20+00:00"}}
{"timestamp":"2021-09-07T18:54:03.034Z","level":"info","message":"Duplicate entry removed from file","duplicateProperty":"_id","item":{"_id":"jkj238238jdsnfsj23","email":"foo@bar.com","firstName":"John","lastName":"Smith","address":"123 Street St","entryDate":"2014-05-07T17:30:20+00:00"}}
{"timestamp":"2021-09-07T18:54:03.035Z","level":"info","message":"Duplicate entry removed from file","duplicateProperty":"email","item":{"_id":"sel045238jdsnfsj23","email":"foo@bar.com","firstName":"John","lastName":"Smith","address":"123 Street St","entryDate":"2014-05-07T17:32:20+00:00"}}
{"timestamp":"2021-09-07T18:54:03.035Z","level":"info","message":"Duplicate entry removed from file","duplicateProperty":"email","item":{"_id":"qest38238jdsnfsj23","email":"foo@bar.com","firstName":"John","lastName":"Smith","address":"123 Street St","entryDate":"2014-05-07T17:32:20+00:00"}}
{"timestamp":"2021-09-07T18:54:03.035Z","level":"info","message":"Duplicate entry removed from file","duplicateProperty":"email","item":{"_id":"edu45238jdsnfsj23","email":"mae@bar.com","firstName":"Ted","lastName":"Masters","address":"44 North Hampton St","entryDate":"2014-05-07T17:31:20+00:00"}}
{"timestamp":"2021-09-07T18:54:53.873Z","level":"info","message":"Duplicate entry removed from file","duplicateProperty":"_id","item":{"_id":"jkj238238jdsnfsj23","email":"coo@bar.com","firstName":"Ted","lastName":"Jones","address":"456 Neat St","entryDate":"2014-05-07T17:32:20+00:00"}}
{"timestamp":"2021-09-07T18:54:53.875Z","level":"info","message":"Duplicate entry removed from file","duplicateProperty":"_id","item":{"_id":"jkj238238jdsnfsj23","email":"foo@bar.com","firstName":"John","lastName":"Smith","address":"123 Street St","entryDate":"2014-05-07T17:30:20+00:00"}}
{"timestamp":"2021-09-07T18:54:53.875Z","level":"info","message":"Duplicate entry removed from file","duplicateProperty":"email","item":{"_id":"sel045238jdsnfsj23","email":"foo@bar.com","firstName":"John","lastName":"Smith","address":"123 Street St","entryDate":"2014-05-07T17:32:20+00:00"}}
{"timestamp":"2021-09-07T18:54:53.875Z","level":"info","message":"Duplicate entry removed from file","duplicateProperty":"email","item":{"_id":"qest38238jdsnfsj23","email":"foo@bar.com","firstName":"John","lastName":"Smith","address":"123 Street St","entryDate":"2014-05-07T17:32:20+00:00"}}
{"timestamp":"2021-09-07T18:54:53.876Z","level":"info","message":"Duplicate entry removed from file","duplicateProperty":"email","item":{"_id":"edu45238jdsnfsj23","email":"mae@bar.com","firstName":"Ted","lastName":"Masters","address":"44 North Hampton St","entryDate":"2014-05-07T17:31:20+00:00"}}
{"timestamp":"2021-09-07T18:55:08.051Z","level":"info","message":"Duplicate entry removed from file","duplicateProperty":"_id","item":{"_id":"jkj238238jdsnfsj23","email":"coo@bar.com","firstName":"Ted","lastName":"Jones","address":"456 Neat St","entryDate":"2014-05-07T17:32:20+00:00"}}
{"timestamp":"2021-09-07T18:55:08.053Z","level":"info","message":"Duplicate entry removed from file","duplicateProperty":"_id","item":{"_id":"jkj238238jdsnfsj23","email":"foo@bar.com","firstName":"John","lastName":"Smith","address":"123 Street St","entryDate":"2014-05-07T17:30:20+00:00"}}
{"timestamp":"2021-09-07T18:55:08.054Z","level":"info","message":"Duplicate entry removed from file","duplicateProperty":"email","item":{"_id":"sel045238jdsnfsj23","email":"foo@bar.com","firstName":"John","lastName":"Smith","address":"123 Street St","entryDate":"2014-05-07T17:32:20+00:00"}}
{"timestamp":"2021-09-07T18:55:08.054Z","level":"info","message":"Duplicate entry removed from file","duplicateProperty":"email","item":{"_id":"qest38238jdsnfsj23","email":"foo@bar.com","firstName":"John","lastName":"Smith","address":"123 Street St","entryDate":"2014-05-07T17:32:20+00:00"}}
{"timestamp":"2021-09-07T18:55:08.054Z","level":"info","message":"Duplicate entry removed from file","duplicateProperty":"email","item":{"_id":"edu45238jdsnfsj23","email":"mae@bar.com","firstName":"Ted","lastName":"Masters","address":"44 North Hampton St","entryDate":"2014-05-07T17:31:20+00:00"}}
{"timestamp":"2021-09-07T18:57:28.752Z","level":"info","message":"Duplicate entry removed from file","duplicateProperty":"_id","item":{"_id":"jkj238238jdsnfsj23","email":"coo@bar.com","firstName":"Ted","lastName":"Jones","address":"456 Neat St","entryDate":"2014-05-07T17:32:20+00:00"}}
{"timestamp":"2021-09-07T18:57:28.754Z","level":"info","message":"Duplicate entry removed from file","duplicateProperty":"_id","item":{"_id":"jkj238238jdsnfsj23","email":"foo@bar.com","firstName":"John","lastName":"Smith","address":"123 Street St","entryDate":"2014-05-07T17:30:20+00:00"}}
{"timestamp":"2021-09-07T18:57:28.754Z","level":"info","message":"Duplicate entry removed from file","duplicateProperty":"email","item":{"_id":"sel045238jdsnfsj23","email":"foo@bar.com","firstName":"John","lastName":"Smith","address":"123 Street St","entryDate":"2014-05-07T17:32:20+00:00"}}
{"timestamp":"2021-09-07T18:57:28.754Z","level":"info","message":"Duplicate entry removed from file","duplicateProperty":"email","item":{"_id":"qest38238jdsnfsj23","email":"foo@bar.com","firstName":"John","lastName":"Smith","address":"123 Street St","entryDate":"2014-05-07T17:32:20+00:00"}}
{"timestamp":"2021-09-07T18:57:28.754Z","level":"info","message":"Duplicate entry removed from file","duplicateProperty":"email","item":{"_id":"edu45238jdsnfsj23","email":"mae@bar.com","firstName":"Ted","lastName":"Masters","address":"44 North Hampton St","entryDate":"2014-05-07T17:31:20+00:00"}}
{"timestamp":"2021-09-07T19:03:29.922Z","level":"info","message":"Duplicate entry removed from file","duplicateProperty":"_id","item":{"_id":"jkj238238jdsnfsj23","email":"coo@bar.com","firstName":"Ted","lastName":"Jones","address":"456 Neat St","entryDate":"2014-05-07T17:32:20+00:00"}}
{"timestamp":"2021-09-07T19:03:29.924Z","level":"info","message":"Duplicate entry removed from file","duplicateProperty":"_id","item":{"_id":"jkj238238jdsnfsj23","email":"foo@bar.com","firstName":"John","lastName":"Smith","address":"123 Street St","entryDate":"2014-05-07T17:30:20+00:00"}}
{"timestamp":"2021-09-07T19:03:29.925Z","level":"info","message":"Duplicate entry removed from file","duplicateProperty":"email","item":{"_id":"sel045238jdsnfsj23","email":"foo@bar.com","firstName":"John","lastName":"Smith","address":"123 Street St","entryDate":"2014-05-07T17:32:20+00:00"}}
{"timestamp":"2021-09-07T19:03:29.925Z","level":"info","message":"Duplicate entry removed from file","duplicateProperty":"email","item":{"_id":"qest38238jdsnfsj23","email":"foo@bar.com","firstName":"John","lastName":"Smith","address":"123 Street St","entryDate":"2014-05-07T17:32:20+00:00"}}
{"timestamp":"2021-09-07T19:03:29.925Z","level":"info","message":"Duplicate entry removed from file","duplicateProperty":"email","item":{"_id":"edu45238jdsnfsj23","email":"mae@bar.com","firstName":"Ted","lastName":"Masters","address":"44 North Hampton St","entryDate":"2014-05-07T17:31:20+00:00"}}
{"timestamp":"2021-09-07T19:03:29.931Z","level":"info","message":"Duplicate entry removed from file","duplicateProperty":"email","item":{"email":"foo@bar.com"}}
{"timestamp":"2021-09-07T19:04:49.210Z","level":"info","message":"Duplicate entry removed from file","duplicateProperty":"_id","item":{"_id":"jkj238238jdsnfsj23","email":"coo@bar.com","firstName":"Ted","lastName":"Jones","address":"456 Neat St","entryDate":"2014-05-07T17:32:20+00:00"}}
{"timestamp":"2021-09-07T19:04:49.212Z","level":"info","message":"Duplicate entry removed from file","duplicateProperty":"_id","item":{"_id":"jkj238238jdsnfsj23","email":"foo@bar.com","firstName":"John","lastName":"Smith","address":"123 Street St","entryDate":"2014-05-07T17:30:20+00:00"}}
{"timestamp":"2021-09-07T19:04:49.212Z","level":"info","message":"Duplicate entry removed from file","duplicateProperty":"email","item":{"_id":"sel045238jdsnfsj23","email":"foo@bar.com","firstName":"John","lastName":"Smith","address":"123 Street St","entryDate":"2014-05-07T17:32:20+00:00"}}
{"timestamp":"2021-09-07T19:04:49.212Z","level":"info","message":"Duplicate entry removed from file","duplicateProperty":"email","item":{"_id":"qest38238jdsnfsj23","email":"foo@bar.com","firstName":"John","lastName":"Smith","address":"123 Street St","entryDate":"2014-05-07T17:32:20+00:00"}}
{"timestamp":"2021-09-07T19:04:49.213Z","level":"info","message":"Duplicate entry removed from file","duplicateProperty":"email","item":{"_id":"edu45238jdsnfsj23","email":"mae@bar.com","firstName":"Ted","lastName":"Masters","address":"44 North Hampton St","entryDate":"2014-05-07T17:31:20+00:00"}}
{"timestamp":"2021-09-07T19:04:49.217Z","level":"info","message":"Duplicate entry removed from file","duplicateProperty":"email","item":{"email":"foo@bar.com"}}
